<?xml version="1.0" encoding="UTF-8"?>
<!-- Generated by org.testng.reporters.JUnitReportReporter -->
<testsuite skipped="0" hostname="Kris-PC" name="com.qa.docs.testcases.Home_page_Test" tests="2" failures="0" timestamp="2020-06-09T17:14:41 CDT" time="34.554" errors="0">
  <testcase name="verifyHomepage" time="15.453" classname="com.qa.docs.testcases.Home_page_Test"/>
  <system-out/>
  <testcase name="docsentryPage" time="19.101" classname="com.qa.docs.testcases.Home_page_Test"/>
  <system-out/>
</testsuite> <!-- com.qa.docs.testcases.Home_page_Test -->
