<?xml version="1.0" encoding="UTF-8"?>
<!-- Generated by org.testng.reporters.JUnitReportReporter -->
<testsuite skipped="0" hostname="Kris-PC" name="com.qa.docs.testcases.Documents_page_Test" tests="5" failures="0" timestamp="2020-06-12T00:32:44 CDT" time="231.081" errors="0">
  <testcase name="createNewDocs" time="45.821" classname="com.qa.docs.testcases.Documents_page_Test"/>
  <system-out/>
  <testcase name="createNewDocs" time="47.155" classname="com.qa.docs.testcases.Documents_page_Test"/>
  <system-out/>
  <testcase name="createNewDocs" time="44.945" classname="com.qa.docs.testcases.Documents_page_Test"/>
  <system-out/>
  <testcase name="createNewDocs" time="47.000" classname="com.qa.docs.testcases.Documents_page_Test"/>
  <system-out/>
  <testcase name="createNewDocs" time="46.160" classname="com.qa.docs.testcases.Documents_page_Test"/>
  <system-out/>
</testsuite> <!-- com.qa.docs.testcases.Documents_page_Test -->
