<?xml version="1.0" encoding="UTF-8"?>
<!-- Generated by org.testng.reporters.JUnitReportReporter -->
<testsuite skipped="0" hostname="Kris-PC" name="photoUpload.ChooseFile" tests="1" failures="0" timestamp="2020-06-12T00:06:03 CDT" time="19.849" errors="0">
  <testcase name="loginToApplication" time="19.849" classname="photoUpload.ChooseFile"/>
  <system-out/>
</testsuite> <!-- photoUpload.ChooseFile -->
