<?xml version="1.0" encoding="UTF-8"?>
<!-- Generated by org.testng.reporters.JUnitReportReporter -->
<testsuite skipped="0" hostname="Kris-PC" name="com.qa.docs.testcases.Login_page_test" tests="1" failures="0" timestamp="2020-06-09T16:37:27 CDT" time="15.994" errors="0">
  <testcase name="loginTest" time="15.994" classname="com.qa.docs.testcases.Login_page_test"/>
  <system-out/>
</testsuite> <!-- com.qa.docs.testcases.Login_page_test -->
